{"C:\\Webtelran\\time_control\\src\\services\\service_shift\\Service_of_imd_shift.ts": {"path":"C:\\Webtelran\\time_control\\src\\services\\service_shift\\Service_of_imd_shift.ts","all":false,"statementMap":{"0":{"start":{"line":1,"column":0},"end":{"line":1,"column":48}},"1":{"start":{"line":2,"column":0},"end":{"line":2,"column":87}},"2":{"start":{"line":3,"column":0},"end":{"line":3,"column":0}},"3":{"start":{"line":4,"column":0},"end":{"line":4,"column":0}},"4":{"start":{"line":5,"column":0},"end":{"line":5,"column":56}},"5":{"start":{"line":6,"column":0},"end":{"line":6,"column":51}},"6":{"start":{"line":7,"column":0},"end":{"line":7,"column":76}},"7":{"start":{"line":8,"column":0},"end":{"line":8,"column":67}},"8":{"start":{"line":9,"column":0},"end":{"line":9,"column":61}},"9":{"start":{"line":10,"column":0},"end":{"line":10,"column":28}},"10":{"start":{"line":11,"column":0},"end":{"line":11,"column":30}},"11":{"start":{"line":12,"column":0},"end":{"line":12,"column":26}},"12":{"start":{"line":13,"column":0},"end":{"line":13,"column":11}},"13":{"start":{"line":14,"column":0},"end":{"line":14,"column":24}},"14":{"start":{"line":15,"column":0},"end":{"line":15,"column":52}},"15":{"start":{"line":16,"column":0},"end":{"line":16,"column":9}},"16":{"start":{"line":17,"column":0},"end":{"line":17,"column":94}},"17":{"start":{"line":18,"column":0},"end":{"line":18,"column":50}},"18":{"start":{"line":19,"column":0},"end":{"line":19,"column":0}},"19":{"start":{"line":20,"column":0},"end":{"line":20,"column":58}},"20":{"start":{"line":21,"column":0},"end":{"line":21,"column":21}},"21":{"start":{"line":22,"column":0},"end":{"line":22,"column":59}},"22":{"start":{"line":23,"column":0},"end":{"line":23,"column":5}},"23":{"start":{"line":24,"column":0},"end":{"line":24,"column":0}},"24":{"start":{"line":25,"column":0},"end":{"line":25,"column":55}},"25":{"start":{"line":26,"column":0},"end":{"line":26,"column":76}},"26":{"start":{"line":27,"column":0},"end":{"line":27,"column":61}},"27":{"start":{"line":28,"column":0},"end":{"line":28,"column":28}},"28":{"start":{"line":29,"column":0},"end":{"line":29,"column":30}},"29":{"start":{"line":30,"column":0},"end":{"line":30,"column":26}},"30":{"start":{"line":31,"column":0},"end":{"line":31,"column":10}},"31":{"start":{"line":32,"column":0},"end":{"line":32,"column":65}},"32":{"start":{"line":33,"column":0},"end":{"line":33,"column":67}},"33":{"start":{"line":34,"column":0},"end":{"line":34,"column":0}},"34":{"start":{"line":35,"column":0},"end":{"line":35,"column":50}},"35":{"start":{"line":36,"column":0},"end":{"line":36,"column":51}},"36":{"start":{"line":37,"column":0},"end":{"line":37,"column":30}},"37":{"start":{"line":38,"column":0},"end":{"line":38,"column":38}},"38":{"start":{"line":39,"column":0},"end":{"line":39,"column":24}},"39":{"start":{"line":40,"column":0},"end":{"line":40,"column":10}},"40":{"start":{"line":41,"column":0},"end":{"line":41,"column":63}},"41":{"start":{"line":42,"column":0},"end":{"line":42,"column":37}},"42":{"start":{"line":43,"column":0},"end":{"line":43,"column":5}},"43":{"start":{"line":44,"column":0},"end":{"line":44,"column":0}},"44":{"start":{"line":45,"column":0},"end":{"line":45,"column":58}},"45":{"start":{"line":46,"column":0},"end":{"line":46,"column":0}},"46":{"start":{"line":47,"column":0},"end":{"line":47,"column":76}},"47":{"start":{"line":48,"column":0},"end":{"line":48,"column":58}},"48":{"start":{"line":49,"column":0},"end":{"line":49,"column":24}},"49":{"start":{"line":50,"column":0},"end":{"line":50,"column":52}},"50":{"start":{"line":51,"column":0},"end":{"line":51,"column":9}},"51":{"start":{"line":52,"column":0},"end":{"line":52,"column":50}},"52":{"start":{"line":53,"column":0},"end":{"line":53,"column":51}},"53":{"start":{"line":54,"column":0},"end":{"line":54,"column":16}},"54":{"start":{"line":55,"column":0},"end":{"line":55,"column":31}},"55":{"start":{"line":56,"column":0},"end":{"line":56,"column":29}},"56":{"start":{"line":57,"column":0},"end":{"line":57,"column":10}},"57":{"start":{"line":58,"column":0},"end":{"line":58,"column":0}},"58":{"start":{"line":59,"column":0},"end":{"line":59,"column":55}},"59":{"start":{"line":60,"column":0},"end":{"line":60,"column":37}},"60":{"start":{"line":61,"column":0},"end":{"line":61,"column":5}},"61":{"start":{"line":62,"column":0},"end":{"line":62,"column":1}}},"s":{"0":1,"1":1,"2":1,"3":1,"4":1,"5":1,"6":3,"7":3,"8":3,"9":3,"10":3,"11":3,"12":3,"13":3,"14":1,"15":1,"16":2,"17":2,"18":2,"19":3,"20":1,"21":1,"22":1,"23":1,"24":1,"25":3,"26":3,"27":3,"28":3,"29":3,"30":3,"31":3,"32":3,"33":2,"34":2,"35":2,"36":2,"37":2,"38":2,"39":2,"40":3,"41":1,"42":1,"43":1,"44":1,"45":3,"46":3,"47":3,"48":3,"49":1,"50":1,"51":2,"52":2,"53":2,"54":2,"55":2,"56":2,"57":2,"58":3,"59":1,"60":1,"61":1},"branchMap":{"0":{"type":"branch","line":6,"loc":{"start":{"line":6,"column":10},"end":{"line":23,"column":5}},"locations":[{"start":{"line":6,"column":10},"end":{"line":23,"column":5}}]},"1":{"type":"branch","line":14,"loc":{"start":{"line":14,"column":23},"end":{"line":16,"column":9}},"locations":[{"start":{"line":14,"column":23},"end":{"line":16,"column":9}}]},"2":{"type":"branch","line":17,"loc":{"start":{"line":17,"column":-2},"end":{"line":20,"column":26}},"locations":[{"start":{"line":17,"column":-2},"end":{"line":20,"column":26}}]},"3":{"type":"branch","line":20,"loc":{"start":{"line":20,"column":20},"end":{"line":23,"column":5}},"locations":[{"start":{"line":20,"column":20},"end":{"line":23,"column":5}}]},"4":{"type":"branch","line":25,"loc":{"start":{"line":25,"column":10},"end":{"line":43,"column":5}},"locations":[{"start":{"line":25,"column":10},"end":{"line":43,"column":5}}]},"5":{"type":"branch","line":33,"loc":{"start":{"line":33,"column":23},"end":{"line":33,"column":67}},"locations":[{"start":{"line":33,"column":23},"end":{"line":33,"column":67}}]},"6":{"type":"branch","line":34,"loc":{"start":{"line":34,"column":-2},"end":{"line":41,"column":27}},"locations":[{"start":{"line":34,"column":-2},"end":{"line":41,"column":27}}]},"7":{"type":"branch","line":41,"loc":{"start":{"line":41,"column":21},"end":{"line":43,"column":5}},"locations":[{"start":{"line":41,"column":21},"end":{"line":43,"column":5}}]},"8":{"type":"branch","line":45,"loc":{"start":{"line":45,"column":10},"end":{"line":61,"column":5}},"locations":[{"start":{"line":45,"column":10},"end":{"line":61,"column":5}}]},"9":{"type":"branch","line":49,"loc":{"start":{"line":49,"column":23},"end":{"line":51,"column":9}},"locations":[{"start":{"line":49,"column":23},"end":{"line":51,"column":9}}]},"10":{"type":"branch","line":52,"loc":{"start":{"line":52,"column":-2},"end":{"line":59,"column":19}},"locations":[{"start":{"line":52,"column":-2},"end":{"line":59,"column":19}}]},"11":{"type":"branch","line":59,"loc":{"start":{"line":59,"column":13},"end":{"line":61,"column":5}},"locations":[{"start":{"line":59,"column":13},"end":{"line":61,"column":5}}]}},"b":{"0":[3],"1":[1],"2":[2],"3":[1],"4":[3],"5":[1],"6":[2],"7":[1],"8":[3],"9":[1],"10":[2],"11":[1]},"fnMap":{"0":{"name":"end_of_work","decl":{"start":{"line":6,"column":10},"end":{"line":23,"column":5}},"loc":{"start":{"line":6,"column":10},"end":{"line":23,"column":5}},"line":6},"1":{"name":"start_of_work","decl":{"start":{"line":25,"column":10},"end":{"line":43,"column":5}},"loc":{"start":{"line":25,"column":10},"end":{"line":43,"column":5}},"line":25},"2":{"name":"employ_on_salary","decl":{"start":{"line":45,"column":10},"end":{"line":61,"column":5}},"loc":{"start":{"line":45,"column":10},"end":{"line":61,"column":5}},"line":45}},"f":{"0":3,"1":3,"2":3}}
}
