TN:
SF:src\services\service_shift\Service_of_imd_shift.ts
FN:6,end_of_work
FN:25,start_of_work
FN:45,employ_on_salary
FNF:3
FNH:3
FNDA:3,end_of_work
FNDA:3,start_of_work
FNDA:3,employ_on_salary
DA:1,1
DA:2,1
DA:3,1
DA:4,1
DA:5,1
DA:6,1
DA:7,3
DA:8,3
DA:9,3
DA:10,3
DA:11,3
DA:12,3
DA:13,3
DA:14,3
DA:15,1
DA:16,1
DA:17,2
DA:18,2
DA:19,2
DA:20,3
DA:21,1
DA:22,1
DA:23,1
DA:24,1
DA:25,1
DA:26,3
DA:27,3
DA:28,3
DA:29,3
DA:30,3
DA:31,3
DA:32,3
DA:33,3
DA:34,2
DA:35,2
DA:36,2
DA:37,2
DA:38,2
DA:39,2
DA:40,2
DA:41,3
DA:42,1
DA:43,1
DA:44,1
DA:45,1
DA:46,3
DA:47,3
DA:48,3
DA:49,3
DA:50,1
DA:51,1
DA:52,2
DA:53,2
DA:54,2
DA:55,2
DA:56,2
DA:57,2
DA:58,2
DA:59,3
DA:60,1
DA:61,1
DA:62,1
LF:62
LH:62
BRDA:6,0,0,3
BRDA:14,1,0,1
BRDA:17,2,0,2
BRDA:20,3,0,1
BRDA:25,4,0,3
BRDA:33,5,0,1
BRDA:34,6,0,2
BRDA:41,7,0,1
BRDA:45,8,0,3
BRDA:49,9,0,1
BRDA:52,10,0,2
BRDA:59,11,0,1
BRF:12
BRH:12
end_of_record
